Arguments: 
  C:\Program Files\nodejs\node.exe C:\Users\leewo\AppData\Roaming\npm\node_modules\yarn\bin\yarn.js init

PATH: 
  C:\Program Files\Common Files\Oracle\Java\javapath;C:\WINDOWS\system32;C:\WINDOWS;C:\WINDOWS\System32\Wbem;C:\WINDOWS\System32\WindowsPowerShell\v1.0\;C:\WINDOWS\System32\OpenSSH\;C:\Program Files\nodejs\;C:\Program Files\dotnet\;C:\Program Files\Amazon\AWSCLI\;C:\Program Files\Git\cmd;C:\Program Files\Amazon\AWSCLIV2\;C:\Program Files\MongoDB\Server\4.4\bin;C:\Users\leewo\AppData\Local\Programs\Python\Python37\Scripts\;C:\Users\leewo\AppData\Local\Programs\Python\Python37\;C:\Program Files\MySQL\MySQL Shell 8.0\bin\;C:\Users\leewo\AppData\Local\Microsoft\WindowsApps;C:\Program Files\Java\jdk-15\bin\;C:\Users\leewo\AppData\Local\GitHubDesktop\bin;C:\Users\leewo\AppData\Local\Programs\Microsoft VS Code\bin;C:\Users\leewo\AppData\Roaming\npm;C:\Program Files\Bandizip\;C:\Users\leewo\.dotnet\tools

Yarn version: 
  1.22.10

Node version: 
  12.18.4

Platform: 
  win32 x64

Trace: 
  Error: canceled
      at Interface.<anonymous> (C:\Users\leewo\AppData\Roaming\npm\node_modules\yarn\lib\cli.js:136216:13)
      at Interface.emit (events.js:315:20)
      at Interface._ttyWrite (readline.js:868:16)
      at ReadStream.onkeypress (readline.js:205:10)
      at ReadStream.emit (events.js:315:20)
      at emitKeys (internal/readline/utils.js:335:14)
      at emitKeys.next (<anonymous>)
      at ReadStream.onData (readline.js:1137:36)
      at ReadStream.emit (events.js:315:20)
      at addChunk (_stream_readable.js:295:12)

npm manifest: 
  {
    "name": "typescriptandnode_practice",
    "version": "1.0.0",
    "main": "index.ts",
    "scripts": {
      "start": "nodemon src/index.ts"
    },
    "repository": {
      "type": "git",
      "url": "git+https://github.com/leewonje418/TypescriptAndNode_Practice.git"
    },
    "author": "이원제 <50200484+leewonje418@users.noreply.github.com>",
    "license": "ISC",
    "bugs": {
      "url": "https://github.com/leewonje418/TypescriptAndNode_Practice/issues"
    },
    "homepage": "https://github.com/leewonje418/TypescriptAndNode_Practice#readme",
    "devDependencies": {
      "@babel/cli": "^7.12.1",
      "@babel/core": "^7.12.3",
      "@babel/node": "^7.12.1",
      "@babel/preset-env": "^7.12.1",
      "@types/node": "^14.14.5",
      "ts-node": "^9.0.0"
    },
    "dependencies": {
      "@std/esm": "^0.26.0",
      "@types/cors": "^2.8.8",
      "@types/express": "^4.17.8",
      "body-parser": "^1.19.0",
      "color": "^3.1.3",
      "colors": "^1.4.0",
      "cors": "^2.8.5",
      "express": "^4.17.1",
      "nodemon": "^2.0.6",
      "typeorm": "^0.2.28",
      "typescript": "^4.0.3"
    },
    "keywords": [],
    "description": ""
  }

yarn manifest: 
  No manifest

Lockfile: 
  No lockfile
